<?xml version="1.0" encoding="UTF-8"?>
<testng-results ignored="0" total="1" passed="1" failed="0" skipped="0">
  <reporter-output>
  </reporter-output>
  <suite started-at="2025-06-05T18:07:52 IST" name="Default suite" finished-at="2025-06-05T18:08:48 IST" duration-ms="56458">
    <groups>
    </groups>
    <test started-at="2025-06-05T18:07:52 IST" name="Default test" finished-at="2025-06-05T18:08:48 IST" duration-ms="56458">
      <class name="testcases.SearchAndBuyTest">
        <test-method is-config="true" signature="setUp()[pri:0, instance:testcases.SearchAndBuyTest@515c6049]" started-at="2025-06-05T18:07:52 IST" name="setUp" finished-at="2025-06-05T18:08:00 IST" duration-ms="7810" status="PASS">
          <reporter-output>
          </reporter-output>
        </test-method> <!-- setUp -->
        <test-method signature="searchAndBuyProduct()[pri:0, instance:testcases.SearchAndBuyTest@515c6049]" started-at="2025-06-05T18:08:00 IST" name="searchAndBuyProduct" finished-at="2025-06-05T18:08:47 IST" duration-ms="46889" status="PASS">
          <reporter-output>
          </reporter-output>
        </test-method> <!-- searchAndBuyProduct -->
        <test-method is-config="true" signature="tearDown()[pri:0, instance:testcases.SearchAndBuyTest@515c6049]" started-at="2025-06-05T18:08:47 IST" name="tearDown" finished-at="2025-06-05T18:08:48 IST" duration-ms="1696" status="PASS">
          <reporter-output>
          </reporter-output>
        </test-method> <!-- tearDown -->
      </class> <!-- testcases.SearchAndBuyTest -->
    </test> <!-- Default test -->
  </suite> <!-- Default suite -->
</testng-results>
